<?xml version="1.0" encoding="UTF-8"?>
<!-- Generated by org.testng.reporters.JUnitReportReporter -->
<testsuite hostname="DESKTOP-9BHFH5M" failures="0" tests="4" name="seleniumtopicsdemo.DataProviderExample" time="87.701" errors="0" timestamp="2022-06-28T08:24:15 IST" skipped="0">
  <testcase classname="seleniumtopicsdemo.DataProviderExample" name="loginTest" time="18.564"/>
  <system-out/>
  <testcase classname="seleniumtopicsdemo.DataProviderExample" name="loginTest" time="21.321"/>
  <system-out/>
  <testcase classname="seleniumtopicsdemo.DataProviderExample" name="loginTest" time="32.309"/>
  <system-out/>
  <testcase classname="seleniumtopicsdemo.DataProviderExample" name="loginTest" time="15.507"/>
  <system-out/>
</testsuite> <!-- seleniumtopicsdemo.DataProviderExample -->
