<?xml version="1.0" encoding="UTF-8"?>
<!-- Generated by org.testng.reporters.JUnitReportReporter -->
<testsuite hostname="DESKTOP-9BHFH5M" failures="0" tests="1" name="seleniumtopicsdemo.TestCase2" time="26.553" errors="0" timestamp="2022-06-28T08:40:58 IST" skipped="0">
  <testcase classname="seleniumtopicsdemo.TestCase2" name="launchFaceboook" time="26.553"/>
  <system-out/>
</testsuite> <!-- seleniumtopicsdemo.TestCase2 -->
