<?xml version="1.0" encoding="UTF-8"?>
<!-- Generated by org.testng.reporters.JUnitReportReporter -->
<testsuite hostname="DESKTOP-9BHFH5M" failures="0" tests="1" name="seleniumtopicsdemo.TestCase1" time="24.296" errors="0" timestamp="2022-06-28T08:40:58 IST" skipped="0">
  <testcase classname="seleniumtopicsdemo.TestCase1" name="launchFaceboook" time="24.296"/>
  <system-out/>
</testsuite> <!-- seleniumtopicsdemo.TestCase1 -->
