<?xml version="1.0" encoding="UTF-8"?>
<!-- Generated by org.testng.reporters.JUnitReportReporter -->
<testsuite hostname="DESKTOP-9BHFH5M" failures="0" tests="1" name="seleniumtopicsdemo.TestNGTopics" time="41.427" errors="0" timestamp="2022-06-27T21:03:17 IST" skipped="0">
  <testcase classname="seleniumtopicsdemo.TestNGTopics" name="login" time="41.427"/>
  <system-out/>
</testsuite> <!-- seleniumtopicsdemo.TestNGTopics -->
