<?xml version="1.0" encoding="UTF-8"?>
<!-- Generated by org.testng.reporters.JUnitReportReporter -->
<testsuite hostname="DESKTOP-9BHFH5M" failures="0" tests="1" name="seleniumtopicsdemo.ExcelHandling" time="1.434" errors="0" timestamp="2022-06-28T08:16:27 IST" skipped="0">
  <testcase classname="seleniumtopicsdemo.ExcelHandling" name="excelHandling" time="1.434"/>
  <system-out/>
</testsuite> <!-- seleniumtopicsdemo.ExcelHandling -->
