<?xml version="1.0" encoding="UTF-8"?>
<!-- Generated by org.testng.reporters.JUnitReportReporter -->
<testsuite hostname="DESKTOP-9BHFH5M" failures="0" tests="1" name="seleniumtopicsdemo.Annotations" time="0.018" errors="0" timestamp="2022-06-27T21:03:17 IST" skipped="0">
  <testcase classname="seleniumtopicsdemo.Annotations" name="login" time="0.018"/>
  <system-out/>
</testsuite> <!-- seleniumtopicsdemo.Annotations -->
