<?xml version="1.0" encoding="UTF-8"?>
<!-- Generated by org.testng.reporters.JUnitReportReporter -->
<testsuite hostname="DESKTOP-9BHFH5M" failures="0" tests="1" name="TestCases.AdminLoginTest" time="19.606" errors="0" timestamp="2022-06-28T22:04:48 IST" skipped="0">
  <testcase classname="TestCases.AdminLoginTest" name="adminLoginTest" time="19.606"/>
  <system-out/>
</testsuite> <!-- TestCases.AdminLoginTest -->
