<?xml version="1.0" encoding="UTF-8"?>
<!-- Generated by org.testng.reporters.JUnitReportReporter -->
<testsuite hostname="DESKTOP-9BHFH5M" failures="0" tests="2" name="seleniumtopicsdemo.Topics" time="0.054" errors="0" timestamp="2022-06-27T21:03:17 IST" skipped="0">
  <testcase classname="seleniumtopicsdemo.Topics" name="m1" time="0.037"/>
  <system-out/>
  <testcase classname="seleniumtopicsdemo.Topics" name="m2" time="0.017"/>
  <system-out/>
</testsuite> <!-- seleniumtopicsdemo.Topics -->
