<?xml version="1.0" encoding="UTF-8"?>
<!-- Generated by org.testng.reporters.JUnitReportReporter -->
<testsuite hostname="DESKTOP-9BHFH5M" failures="0" tests="1" name="testcases.VerifyAdminLogin" time="41.949" errors="0" timestamp="2022-07-01T12:21:26 IST" skipped="0">
  <testcase classname="testcases.VerifyAdminLogin" name="verifyAdminLogin" time="41.949"/>
  <system-out/>
</testsuite> <!-- testcases.VerifyAdminLogin -->
