<?xml version="1.0" encoding="UTF-8"?>
<!-- Generated by org.testng.reporters.JUnitReportReporter -->
<testsuite hostname="DESKTOP-9BHFH5M" failures="0" tests="1" name="testcases.VerifyAdminLogin" time="58.183" errors="0" timestamp="2022-07-01T20:31:28 IST" skipped="0">
  <testcase classname="testcases.VerifyAdminLogin" name="verifyAdminLogin" time="58.183"/>
  <system-out/>
</testsuite> <!-- testcases.VerifyAdminLogin -->
